<?xml version="1.0" encoding="UTF-8"?>
<testsuite xmlns:xsi="http://www.w3.org/2001/XMLSchema-instance" xsi:noNamespaceSchemaLocation="https://maven.apache.org/surefire/maven-surefire-plugin/xsd/surefire-test-report.xsd" version="3.0.2" name="TestSuite" time="1.622" tests="14" errors="0" skipped="0" failures="1">
  <properties>
    <property name="java.specification.version" value="17"/>
    <property name="sun.jnu.encoding" value="UTF-8"/>
    <property name="java.class.path" value="/Users/akashbhargava/bookstore/target/test-classes:/Users/akashbhargava/bookstore/target/classes:/Users/akashbhargava/.m2/repository/org/testng/testng/7.10.2/testng-7.10.2.jar:/Users/akashbhargava/.m2/repository/org/slf4j/slf4j-api/1.7.36/slf4j-api-1.7.36.jar:/Users/akashbhargava/.m2/repository/com/beust/jcommander/1.82/jcommander-1.82.jar:/Users/akashbhargava/.m2/repository/org/webjars/jquery/3.7.1/jquery-3.7.1.jar:/Users/akashbhargava/.m2/repository/io/rest-assured/rest-assured/5.5.0/rest-assured-5.5.0.jar:/Users/akashbhargava/.m2/repository/org/apache/groovy/groovy/4.0.22/groovy-4.0.22.jar:/Users/akashbhargava/.m2/repository/org/apache/groovy/groovy-xml/4.0.22/groovy-xml-4.0.22.jar:/Users/akashbhargava/.m2/repository/org/apache/httpcomponents/httpclient/4.5.13/httpclient-4.5.13.jar:/Users/akashbhargava/.m2/repository/org/apache/httpcomponents/httpcore/4.4.13/httpcore-4.4.13.jar:/Users/akashbhargava/.m2/repository/commons-logging/commons-logging/1.2/commons-logging-1.2.jar:/Users/akashbhargava/.m2/repository/commons-codec/commons-codec/1.11/commons-codec-1.11.jar:/Users/akashbhargava/.m2/repository/org/apache/httpcomponents/httpmime/4.5.13/httpmime-4.5.13.jar:/Users/akashbhargava/.m2/repository/org/ccil/cowan/tagsoup/tagsoup/1.2.1/tagsoup-1.2.1.jar:/Users/akashbhargava/.m2/repository/io/rest-assured/json-path/5.5.0/json-path-5.5.0.jar:/Users/akashbhargava/.m2/repository/org/apache/groovy/groovy-json/4.0.22/groovy-json-4.0.22.jar:/Users/akashbhargava/.m2/repository/io/rest-assured/rest-assured-common/5.5.0/rest-assured-common-5.5.0.jar:/Users/akashbhargava/.m2/repository/io/rest-assured/xml-path/5.5.0/xml-path-5.5.0.jar:/Users/akashbhargava/.m2/repository/org/apache/commons/commons-lang3/3.11/commons-lang3-3.11.jar:/Users/akashbhargava/.m2/repository/org/wiremock/wiremock/3.13.1/wiremock-3.13.1.jar:/Users/akashbhargava/.m2/repository/org/eclipse/jetty/jetty-server/11.0.24/jetty-server-11.0.24.jar:/Users/akashbhargava/.m2/repository/org/eclipse/jetty/jetty-http/11.0.24/jetty-http-11.0.24.jar:/Users/akashbhargava/.m2/repository/org/eclipse/jetty/jetty-io/11.0.24/jetty-io-11.0.24.jar:/Users/akashbhargava/.m2/repository/org/eclipse/jetty/toolchain/jetty-jakarta-servlet-api/5.0.2/jetty-jakarta-servlet-api-5.0.2.jar:/Users/akashbhargava/.m2/repository/org/eclipse/jetty/jetty-servlet/11.0.24/jetty-servlet-11.0.24.jar:/Users/akashbhargava/.m2/repository/org/eclipse/jetty/jetty-security/11.0.24/jetty-security-11.0.24.jar:/Users/akashbhargava/.m2/repository/org/eclipse/jetty/jetty-servlets/11.0.24/jetty-servlets-11.0.24.jar:/Users/akashbhargava/.m2/repository/org/eclipse/jetty/jetty-util/11.0.24/jetty-util-11.0.24.jar:/Users/akashbhargava/.m2/repository/org/eclipse/jetty/jetty-webapp/11.0.24/jetty-webapp-11.0.24.jar:/Users/akashbhargava/.m2/repository/org/eclipse/jetty/jetty-xml/11.0.24/jetty-xml-11.0.24.jar:/Users/akashbhargava/.m2/repository/org/eclipse/jetty/jetty-proxy/11.0.24/jetty-proxy-11.0.24.jar:/Users/akashbhargava/.m2/repository/org/eclipse/jetty/jetty-client/11.0.24/jetty-client-11.0.24.jar:/Users/akashbhargava/.m2/repository/org/eclipse/jetty/http2/http2-server/11.0.24/http2-server-11.0.24.jar:/Users/akashbhargava/.m2/repository/org/eclipse/jetty/http2/http2-common/11.0.24/http2-common-11.0.24.jar:/Users/akashbhargava/.m2/repository/org/eclipse/jetty/http2/http2-hpack/11.0.24/http2-hpack-11.0.24.jar:/Users/akashbhargava/.m2/repository/org/eclipse/jetty/jetty-alpn-server/11.0.24/jetty-alpn-server-11.0.24.jar:/Users/akashbhargava/.m2/repository/org/eclipse/jetty/jetty-alpn-java-server/11.0.24/jetty-alpn-java-server-11.0.24.jar:/Users/akashbhargava/.m2/repository/org/eclipse/jetty/jetty-alpn-java-client/11.0.24/jetty-alpn-java-client-11.0.24.jar:/Users/akashbhargava/.m2/repository/org/eclipse/jetty/jetty-alpn-client/11.0.24/jetty-alpn-client-11.0.24.jar:/Users/akashbhargava/.m2/repository/com/google/guava/guava/33.4.8-jre/guava-33.4.8-jre.jar:/Users/akashbhargava/.m2/repository/com/google/guava/failureaccess/1.0.3/failureaccess-1.0.3.jar:/Users/akashbhargava/.m2/repository/com/google/guava/listenablefuture/9999.0-empty-to-avoid-conflict-with-guava/listenablefuture-9999.0-empty-to-avoid-conflict-with-guava.jar:/Users/akashbhargava/.m2/repository/org/jspecify/jspecify/1.0.0/jspecify-1.0.0.jar:/Users/akashbhargava/.m2/repository/com/google/errorprone/error_prone_annotations/2.36.0/error_prone_annotations-2.36.0.jar:/Users/akashbhargava/.m2/repository/com/google/j2objc/j2objc-annotations/3.0.0/j2objc-annotations-3.0.0.jar:/Users/akashbhargava/.m2/repository/com/fasterxml/jackson/core/jackson-core/2.19.0/jackson-core-2.19.0.jar:/Users/akashbhargava/.m2/repository/com/fasterxml/jackson/core/jackson-annotations/2.19.0/jackson-annotations-2.19.0.jar:/Users/akashbhargava/.m2/repository/com/fasterxml/jackson/datatype/jackson-datatype-jsr310/2.19.0/jackson-datatype-jsr310-2.19.0.jar:/Users/akashbhargava/.m2/repository/org/apache/httpcomponents/client5/httpclient5/5.5/httpclient5-5.5.jar:/Users/akashbhargava/.m2/repository/org/apache/httpcomponents/core5/httpcore5/5.3.4/httpcore5-5.3.4.jar:/Users/akashbhargava/.m2/repository/org/apache/httpcomponents/core5/httpcore5-h2/5.3.4/httpcore5-h2-5.3.4.jar:/Users/akashbhargava/.m2/repository/org/xmlunit/xmlunit-core/2.10.2/xmlunit-core-2.10.2.jar:/Users/akashbhargava/.m2/repository/jakarta/xml/bind/jakarta.xml.bind-api/2.3.3/jakarta.xml.bind-api-2.3.3.jar:/Users/akashbhargava/.m2/repository/jakarta/activation/jakarta.activation-api/1.2.2/jakarta.activation-api-1.2.2.jar:/Users/akashbhargava/.m2/repository/org/xmlunit/xmlunit-legacy/2.10.2/xmlunit-legacy-2.10.2.jar:/Users/akashbhargava/.m2/repository/org/xmlunit/xmlunit-placeholders/2.10.2/xmlunit-placeholders-2.10.2.jar:/Users/akashbhargava/.m2/repository/net/javacrumbs/json-unit/json-unit-core/2.40.1/json-unit-core-2.40.1.jar:/Users/akashbhargava/.m2/repository/org/hamcrest/hamcrest-core/2.2/hamcrest-core-2.2.jar:/Users/akashbhargava/.m2/repository/com/jayway/jsonpath/json-path/2.9.0/json-path-2.9.0.jar:/Users/akashbhargava/.m2/repository/net/minidev/json-smart/2.5.0/json-smart-2.5.0.jar:/Users/akashbhargava/.m2/repository/net/minidev/accessors-smart/2.5.0/accessors-smart-2.5.0.jar:/Users/akashbhargava/.m2/repository/net/sf/jopt-simple/jopt-simple/5.0.4/jopt-simple-5.0.4.jar:/Users/akashbhargava/.m2/repository/com/github/jknack/handlebars/4.3.1/handlebars-4.3.1.jar:/Users/akashbhargava/.m2/repository/com/github/jknack/handlebars-helpers/4.3.1/handlebars-helpers-4.3.1.jar:/Users/akashbhargava/.m2/repository/commons-fileupload/commons-fileupload/1.6.0/commons-fileupload-1.6.0.jar:/Users/akashbhargava/.m2/repository/commons-io/commons-io/2.19.0/commons-io-2.19.0.jar:/Users/akashbhargava/.m2/repository/com/networknt/json-schema-validator/1.5.7/json-schema-validator-1.5.7.jar:/Users/akashbhargava/.m2/repository/com/ethlo/time/itu/1.10.3/itu-1.10.3.jar:/Users/akashbhargava/.m2/repository/com/fasterxml/jackson/dataformat/jackson-dataformat-yaml/2.18.3/jackson-dataformat-yaml-2.18.3.jar:/Users/akashbhargava/.m2/repository/org/yaml/snakeyaml/2.3/snakeyaml-2.3.jar:/Users/akashbhargava/.m2/repository/io/qameta/allure/allure-testng/2.27.0/allure-testng-2.27.0.jar:/Users/akashbhargava/.m2/repository/io/qameta/allure/allure-java-commons/2.27.0/allure-java-commons-2.27.0.jar:/Users/akashbhargava/.m2/repository/io/qameta/allure/allure-model/2.27.0/allure-model-2.27.0.jar:/Users/akashbhargava/.m2/repository/io/qameta/allure/allure-test-filter/2.27.0/allure-test-filter-2.27.0.jar:/Users/akashbhargava/.m2/repository/com/fasterxml/jackson/core/jackson-databind/2.18.0/jackson-databind-2.18.0.jar:/Users/akashbhargava/.m2/repository/org/hamcrest/hamcrest/3.0/hamcrest-3.0.jar:"/>
    <property name="java.vm.vendor" value="Homebrew"/>
    <property name="sun.arch.data.model" value="64"/>
    <property name="java.vendor.url" value="https://github.com/Homebrew/homebrew-core/issues"/>
    <property name="user.timezone" value="Asia/Kolkata"/>
    <property name="os.name" value="Mac OS X"/>
    <property name="java.vm.specification.version" value="17"/>
    <property name="sun.java.launcher" value="SUN_STANDARD"/>
    <property name="user.country" value="US"/>
    <property name="sun.boot.library.path" value="/opt/homebrew/Cellar/openjdk@17/17.0.14/libexec/openjdk.jdk/Contents/Home/lib"/>
    <property name="sun.java.command" value="/Users/akashbhargava/bookstore/target/surefire/surefirebooter-20250731192744388_3.jar /Users/akashbhargava/bookstore/target/surefire 2025-07-31T19-27-44_350-jvmRun1 surefire-20250731192744388_1tmp surefire_0-20250731192744388_2tmp"/>
    <property name="http.nonProxyHosts" value="local|*.local|169.254/16|*.169.254/16"/>
    <property name="jdk.debug" value="release"/>
    <property name="surefire.test.class.path" value="/Users/akashbhargava/bookstore/target/test-classes:/Users/akashbhargava/bookstore/target/classes:/Users/akashbhargava/.m2/repository/org/testng/testng/7.10.2/testng-7.10.2.jar:/Users/akashbhargava/.m2/repository/org/slf4j/slf4j-api/1.7.36/slf4j-api-1.7.36.jar:/Users/akashbhargava/.m2/repository/com/beust/jcommander/1.82/jcommander-1.82.jar:/Users/akashbhargava/.m2/repository/org/webjars/jquery/3.7.1/jquery-3.7.1.jar:/Users/akashbhargava/.m2/repository/io/rest-assured/rest-assured/5.5.0/rest-assured-5.5.0.jar:/Users/akashbhargava/.m2/repository/org/apache/groovy/groovy/4.0.22/groovy-4.0.22.jar:/Users/akashbhargava/.m2/repository/org/apache/groovy/groovy-xml/4.0.22/groovy-xml-4.0.22.jar:/Users/akashbhargava/.m2/repository/org/apache/httpcomponents/httpclient/4.5.13/httpclient-4.5.13.jar:/Users/akashbhargava/.m2/repository/org/apache/httpcomponents/httpcore/4.4.13/httpcore-4.4.13.jar:/Users/akashbhargava/.m2/repository/commons-logging/commons-logging/1.2/commons-logging-1.2.jar:/Users/akashbhargava/.m2/repository/commons-codec/commons-codec/1.11/commons-codec-1.11.jar:/Users/akashbhargava/.m2/repository/org/apache/httpcomponents/httpmime/4.5.13/httpmime-4.5.13.jar:/Users/akashbhargava/.m2/repository/org/ccil/cowan/tagsoup/tagsoup/1.2.1/tagsoup-1.2.1.jar:/Users/akashbhargava/.m2/repository/io/rest-assured/json-path/5.5.0/json-path-5.5.0.jar:/Users/akashbhargava/.m2/repository/org/apache/groovy/groovy-json/4.0.22/groovy-json-4.0.22.jar:/Users/akashbhargava/.m2/repository/io/rest-assured/rest-assured-common/5.5.0/rest-assured-common-5.5.0.jar:/Users/akashbhargava/.m2/repository/io/rest-assured/xml-path/5.5.0/xml-path-5.5.0.jar:/Users/akashbhargava/.m2/repository/org/apache/commons/commons-lang3/3.11/commons-lang3-3.11.jar:/Users/akashbhargava/.m2/repository/org/wiremock/wiremock/3.13.1/wiremock-3.13.1.jar:/Users/akashbhargava/.m2/repository/org/eclipse/jetty/jetty-server/11.0.24/jetty-server-11.0.24.jar:/Users/akashbhargava/.m2/repository/org/eclipse/jetty/jetty-http/11.0.24/jetty-http-11.0.24.jar:/Users/akashbhargava/.m2/repository/org/eclipse/jetty/jetty-io/11.0.24/jetty-io-11.0.24.jar:/Users/akashbhargava/.m2/repository/org/eclipse/jetty/toolchain/jetty-jakarta-servlet-api/5.0.2/jetty-jakarta-servlet-api-5.0.2.jar:/Users/akashbhargava/.m2/repository/org/eclipse/jetty/jetty-servlet/11.0.24/jetty-servlet-11.0.24.jar:/Users/akashbhargava/.m2/repository/org/eclipse/jetty/jetty-security/11.0.24/jetty-security-11.0.24.jar:/Users/akashbhargava/.m2/repository/org/eclipse/jetty/jetty-servlets/11.0.24/jetty-servlets-11.0.24.jar:/Users/akashbhargava/.m2/repository/org/eclipse/jetty/jetty-util/11.0.24/jetty-util-11.0.24.jar:/Users/akashbhargava/.m2/repository/org/eclipse/jetty/jetty-webapp/11.0.24/jetty-webapp-11.0.24.jar:/Users/akashbhargava/.m2/repository/org/eclipse/jetty/jetty-xml/11.0.24/jetty-xml-11.0.24.jar:/Users/akashbhargava/.m2/repository/org/eclipse/jetty/jetty-proxy/11.0.24/jetty-proxy-11.0.24.jar:/Users/akashbhargava/.m2/repository/org/eclipse/jetty/jetty-client/11.0.24/jetty-client-11.0.24.jar:/Users/akashbhargava/.m2/repository/org/eclipse/jetty/http2/http2-server/11.0.24/http2-server-11.0.24.jar:/Users/akashbhargava/.m2/repository/org/eclipse/jetty/http2/http2-common/11.0.24/http2-common-11.0.24.jar:/Users/akashbhargava/.m2/repository/org/eclipse/jetty/http2/http2-hpack/11.0.24/http2-hpack-11.0.24.jar:/Users/akashbhargava/.m2/repository/org/eclipse/jetty/jetty-alpn-server/11.0.24/jetty-alpn-server-11.0.24.jar:/Users/akashbhargava/.m2/repository/org/eclipse/jetty/jetty-alpn-java-server/11.0.24/jetty-alpn-java-server-11.0.24.jar:/Users/akashbhargava/.m2/repository/org/eclipse/jetty/jetty-alpn-java-client/11.0.24/jetty-alpn-java-client-11.0.24.jar:/Users/akashbhargava/.m2/repository/org/eclipse/jetty/jetty-alpn-client/11.0.24/jetty-alpn-client-11.0.24.jar:/Users/akashbhargava/.m2/repository/com/google/guava/guava/33.4.8-jre/guava-33.4.8-jre.jar:/Users/akashbhargava/.m2/repository/com/google/guava/failureaccess/1.0.3/failureaccess-1.0.3.jar:/Users/akashbhargava/.m2/repository/com/google/guava/listenablefuture/9999.0-empty-to-avoid-conflict-with-guava/listenablefuture-9999.0-empty-to-avoid-conflict-with-guava.jar:/Users/akashbhargava/.m2/repository/org/jspecify/jspecify/1.0.0/jspecify-1.0.0.jar:/Users/akashbhargava/.m2/repository/com/google/errorprone/error_prone_annotations/2.36.0/error_prone_annotations-2.36.0.jar:/Users/akashbhargava/.m2/repository/com/google/j2objc/j2objc-annotations/3.0.0/j2objc-annotations-3.0.0.jar:/Users/akashbhargava/.m2/repository/com/fasterxml/jackson/core/jackson-core/2.19.0/jackson-core-2.19.0.jar:/Users/akashbhargava/.m2/repository/com/fasterxml/jackson/core/jackson-annotations/2.19.0/jackson-annotations-2.19.0.jar:/Users/akashbhargava/.m2/repository/com/fasterxml/jackson/datatype/jackson-datatype-jsr310/2.19.0/jackson-datatype-jsr310-2.19.0.jar:/Users/akashbhargava/.m2/repository/org/apache/httpcomponents/client5/httpclient5/5.5/httpclient5-5.5.jar:/Users/akashbhargava/.m2/repository/org/apache/httpcomponents/core5/httpcore5/5.3.4/httpcore5-5.3.4.jar:/Users/akashbhargava/.m2/repository/org/apache/httpcomponents/core5/httpcore5-h2/5.3.4/httpcore5-h2-5.3.4.jar:/Users/akashbhargava/.m2/repository/org/xmlunit/xmlunit-core/2.10.2/xmlunit-core-2.10.2.jar:/Users/akashbhargava/.m2/repository/jakarta/xml/bind/jakarta.xml.bind-api/2.3.3/jakarta.xml.bind-api-2.3.3.jar:/Users/akashbhargava/.m2/repository/jakarta/activation/jakarta.activation-api/1.2.2/jakarta.activation-api-1.2.2.jar:/Users/akashbhargava/.m2/repository/org/xmlunit/xmlunit-legacy/2.10.2/xmlunit-legacy-2.10.2.jar:/Users/akashbhargava/.m2/repository/org/xmlunit/xmlunit-placeholders/2.10.2/xmlunit-placeholders-2.10.2.jar:/Users/akashbhargava/.m2/repository/net/javacrumbs/json-unit/json-unit-core/2.40.1/json-unit-core-2.40.1.jar:/Users/akashbhargava/.m2/repository/org/hamcrest/hamcrest-core/2.2/hamcrest-core-2.2.jar:/Users/akashbhargava/.m2/repository/com/jayway/jsonpath/json-path/2.9.0/json-path-2.9.0.jar:/Users/akashbhargava/.m2/repository/net/minidev/json-smart/2.5.0/json-smart-2.5.0.jar:/Users/akashbhargava/.m2/repository/net/minidev/accessors-smart/2.5.0/accessors-smart-2.5.0.jar:/Users/akashbhargava/.m2/repository/net/sf/jopt-simple/jopt-simple/5.0.4/jopt-simple-5.0.4.jar:/Users/akashbhargava/.m2/repository/com/github/jknack/handlebars/4.3.1/handlebars-4.3.1.jar:/Users/akashbhargava/.m2/repository/com/github/jknack/handlebars-helpers/4.3.1/handlebars-helpers-4.3.1.jar:/Users/akashbhargava/.m2/repository/commons-fileupload/commons-fileupload/1.6.0/commons-fileupload-1.6.0.jar:/Users/akashbhargava/.m2/repository/commons-io/commons-io/2.19.0/commons-io-2.19.0.jar:/Users/akashbhargava/.m2/repository/com/networknt/json-schema-validator/1.5.7/json-schema-validator-1.5.7.jar:/Users/akashbhargava/.m2/repository/com/ethlo/time/itu/1.10.3/itu-1.10.3.jar:/Users/akashbhargava/.m2/repository/com/fasterxml/jackson/dataformat/jackson-dataformat-yaml/2.18.3/jackson-dataformat-yaml-2.18.3.jar:/Users/akashbhargava/.m2/repository/org/yaml/snakeyaml/2.3/snakeyaml-2.3.jar:/Users/akashbhargava/.m2/repository/io/qameta/allure/allure-testng/2.27.0/allure-testng-2.27.0.jar:/Users/akashbhargava/.m2/repository/io/qameta/allure/allure-java-commons/2.27.0/allure-java-commons-2.27.0.jar:/Users/akashbhargava/.m2/repository/io/qameta/allure/allure-model/2.27.0/allure-model-2.27.0.jar:/Users/akashbhargava/.m2/repository/io/qameta/allure/allure-test-filter/2.27.0/allure-test-filter-2.27.0.jar:/Users/akashbhargava/.m2/repository/com/fasterxml/jackson/core/jackson-databind/2.18.0/jackson-databind-2.18.0.jar:/Users/akashbhargava/.m2/repository/org/hamcrest/hamcrest/3.0/hamcrest-3.0.jar:"/>
    <property name="sun.cpu.endian" value="little"/>
    <property name="user.home" value="/Users/akashbhargava"/>
    <property name="user.language" value="en"/>
    <property name="java.specification.vendor" value="Oracle Corporation"/>
    <property name="java.version.date" value="2025-01-21"/>
    <property name="java.home" value="/opt/homebrew/Cellar/openjdk@17/17.0.14/libexec/openjdk.jdk/Contents/Home"/>
    <property name="file.separator" value="/"/>
    <property name="basedir" value="/Users/akashbhargava/bookstore"/>
    <property name="java.vm.compressedOopsMode" value="Zero based"/>
    <property name="line.separator" value="&#10;"/>
    <property name="java.vm.specification.vendor" value="Oracle Corporation"/>
    <property name="java.specification.name" value="Java Platform API Specification"/>
    <property name="surefire.real.class.path" value="/Users/akashbhargava/bookstore/target/surefire/surefirebooter-20250731192744388_3.jar"/>
    <property name="sun.management.compiler" value="HotSpot 64-Bit Tiered Compilers"/>
    <property name="ftp.nonProxyHosts" value="local|*.local|169.254/16|*.169.254/16"/>
    <property name="org.eclipse.jetty.http.HttpGenerator.STRICT" value="true"/>
    <property name="java.runtime.version" value="17.0.14+0"/>
    <property name="user.name" value="akashbhargava"/>
    <property name="path.separator" value=":"/>
    <property name="os.version" value="14.5"/>
    <property name="java.runtime.name" value="OpenJDK Runtime Environment"/>
    <property name="file.encoding" value="UTF-8"/>
    <property name="java.vm.name" value="OpenJDK 64-Bit Server VM"/>
    <property name="java.vendor.version" value="Homebrew"/>
    <property name="localRepository" value="/Users/akashbhargava/.m2/repository"/>
    <property name="javax.xml.xpath.XPathFactory:http://java.sun.com/jaxp/xpath/dom" value="com.sun.org.apache.xpath.internal.jaxp.XPathFactoryImpl"/>
    <property name="java.vendor.url.bug" value="https://github.com/Homebrew/homebrew-core/issues"/>
    <property name="jetty.git.hash" value="5dfc59a691b748796f922208956bd1f2794bcd16"/>
    <property name="java.io.tmpdir" value="/var/folders/30/_dh3wctx42zdhsm80vqfcqk80000gn/T/"/>
    <property name="java.version" value="17.0.14"/>
    <property name="user.dir" value="/Users/akashbhargava/bookstore"/>
    <property name="os.arch" value="aarch64"/>
    <property name="java.vm.specification.name" value="Java Virtual Machine Specification"/>
    <property name="native.encoding" value="UTF-8"/>
    <property name="java.library.path" value="/Users/akashbhargava/Library/Java/Extensions:/Library/Java/Extensions:/Network/Library/Java/Extensions:/System/Library/Java/Extensions:/usr/lib/java:."/>
    <property name="java.vm.info" value="mixed mode, sharing"/>
    <property name="java.vendor" value="Homebrew"/>
    <property name="java.vm.version" value="17.0.14+0"/>
    <property name="java.specification.maintenance.version" value="1"/>
    <property name="sun.io.unicode.encoding" value="UnicodeBig"/>
    <property name="javax.xml.transform.TransformerFactory" value="com.sun.org.apache.xalan.internal.xsltc.trax.TransformerFactoryImpl"/>
    <property name="socksNonProxyHosts" value="local|*.local|169.254/16|*.169.254/16"/>
    <property name="java.class.version" value="61.0"/>
  </properties>
  <testcase name="testCreateBookInvalidData" classname="com.bookstore.api.tests.BookstoreApiTests" time="0.333">
    <failure message="1 expectation failed.&#10;Expected status code &lt;422&gt; but was &lt;404&gt;.&#10;" type="java.lang.AssertionError"><![CDATA[java.lang.AssertionError: 
1 expectation failed.
Expected status code <422> but was <404>.

	at java.base/jdk.internal.reflect.NativeConstructorAccessorImpl.newInstance0(Native Method)
	at java.base/jdk.internal.reflect.NativeConstructorAccessorImpl.newInstance(NativeConstructorAccessorImpl.java:77)
	at java.base/jdk.internal.reflect.DelegatingConstructorAccessorImpl.newInstance(DelegatingConstructorAccessorImpl.java:45)
	at java.base/java.lang.reflect.Constructor.newInstanceWithCaller(Constructor.java:500)
	at java.base/java.lang.reflect.Constructor.newInstance(Constructor.java:481)
	at org.codehaus.groovy.reflection.CachedConstructor.invoke(CachedConstructor.java:73)
	at org.codehaus.groovy.runtime.callsite.ConstructorSite$ConstructorSiteNoUnwrapNoCoerce.callConstructor(ConstructorSite.java:108)
	at org.codehaus.groovy.runtime.callsite.CallSiteArray.defaultCallConstructor(CallSiteArray.java:57)
	at org.codehaus.groovy.runtime.callsite.AbstractCallSite.callConstructor(AbstractCallSite.java:263)
	at org.codehaus.groovy.runtime.callsite.AbstractCallSite.callConstructor(AbstractCallSite.java:277)
	at io.restassured.internal.ResponseSpecificationImpl$HamcrestAssertionClosure.validate(ResponseSpecificationImpl.groovy:512)
	at io.restassured.internal.ResponseSpecificationImpl$HamcrestAssertionClosure$validate$1.call(Unknown Source)
	at org.codehaus.groovy.runtime.callsite.CallSiteArray.defaultCall(CallSiteArray.java:45)
	at org.codehaus.groovy.runtime.callsite.AbstractCallSite.call(AbstractCallSite.java:125)
	at org.codehaus.groovy.runtime.callsite.AbstractCallSite.call(AbstractCallSite.java:139)
	at io.restassured.internal.ResponseSpecificationImpl.validateResponseIfRequired(ResponseSpecificationImpl.groovy:696)
	at io.restassured.internal.ResponseSpecificationImpl.this$2$validateResponseIfRequired(ResponseSpecificationImpl.groovy)
	at java.base/jdk.internal.reflect.NativeMethodAccessorImpl.invoke0(Native Method)
	at java.base/jdk.internal.reflect.NativeMethodAccessorImpl.invoke(NativeMethodAccessorImpl.java:77)
	at java.base/jdk.internal.reflect.DelegatingMethodAccessorImpl.invoke(DelegatingMethodAccessorImpl.java:43)
	at java.base/java.lang.reflect.Method.invoke(Method.java:569)
	at org.codehaus.groovy.runtime.callsite.PlainObjectMetaMethodSite.doInvoke(PlainObjectMetaMethodSite.java:43)
	at org.codehaus.groovy.runtime.callsite.PogoMetaMethodSite$PogoCachedMethodSiteNoUnwrapNoCoerce.invoke(PogoMetaMethodSite.java:198)
	at org.codehaus.groovy.runtime.callsite.PogoMetaMethodSite.callCurrent(PogoMetaMethodSite.java:62)
	at org.codehaus.groovy.runtime.callsite.CallSiteArray.defaultCallCurrent(CallSiteArray.java:49)
	at org.codehaus.groovy.runtime.callsite.AbstractCallSite.callCurrent(AbstractCallSite.java:171)
	at org.codehaus.groovy.runtime.callsite.AbstractCallSite.callCurrent(AbstractCallSite.java:185)
	at io.restassured.internal.ResponseSpecificationImpl.statusCode(ResponseSpecificationImpl.groovy:135)
	at io.restassured.specification.ResponseSpecification$statusCode$0.callCurrent(Unknown Source)
	at org.codehaus.groovy.runtime.callsite.CallSiteArray.defaultCallCurrent(CallSiteArray.java:49)
	at org.codehaus.groovy.runtime.callsite.AbstractCallSite.callCurrent(AbstractCallSite.java:171)
	at org.codehaus.groovy.runtime.callsite.AbstractCallSite.callCurrent(AbstractCallSite.java:185)
	at io.restassured.internal.ResponseSpecificationImpl.statusCode(ResponseSpecificationImpl.groovy:143)
	at io.restassured.internal.ValidatableResponseOptionsImpl.statusCode(ValidatableResponseOptionsImpl.java:89)
	at com.bookstore.api.tests.BookstoreApiTests.testCreateBookInvalidData(BookstoreApiTests.java:211)
	at java.base/jdk.internal.reflect.NativeMethodAccessorImpl.invoke0(Native Method)
	at java.base/jdk.internal.reflect.NativeMethodAccessorImpl.invoke(NativeMethodAccessorImpl.java:77)
	at java.base/jdk.internal.reflect.DelegatingMethodAccessorImpl.invoke(DelegatingMethodAccessorImpl.java:43)
	at java.base/java.lang.reflect.Method.invoke(Method.java:569)
	at org.testng.internal.invokers.MethodInvocationHelper.invokeMethod(MethodInvocationHelper.java:141)
	at org.testng.internal.invokers.TestInvoker.invokeMethod(TestInvoker.java:686)
	at org.testng.internal.invokers.TestInvoker.invokeTestMethod(TestInvoker.java:230)
	at org.testng.internal.invokers.MethodRunner.runInSequence(MethodRunner.java:63)
	at org.testng.internal.invokers.TestInvoker$MethodInvocationAgent.invoke(TestInvoker.java:992)
	at org.testng.internal.invokers.TestInvoker.invokeTestMethods(TestInvoker.java:203)
	at org.testng.internal.invokers.TestMethodWorker.invokeTestMethods(TestMethodWorker.java:154)
	at org.testng.internal.invokers.TestMethodWorker.run(TestMethodWorker.java:134)
	at java.base/java.util.ArrayList.forEach(ArrayList.java:1511)
	at org.testng.TestRunner.privateRun(TestRunner.java:739)
	at org.testng.TestRunner.run(TestRunner.java:614)
	at org.testng.SuiteRunner.runTest(SuiteRunner.java:421)
	at org.testng.SuiteRunner.runSequentially(SuiteRunner.java:413)
	at org.testng.SuiteRunner.privateRun(SuiteRunner.java:373)
	at org.testng.SuiteRunner.run(SuiteRunner.java:312)
	at org.testng.SuiteRunnerWorker.runSuite(SuiteRunnerWorker.java:52)
	at org.testng.SuiteRunnerWorker.run(SuiteRunnerWorker.java:95)
	at org.testng.TestNG.runSuitesSequentially(TestNG.java:1274)
	at org.testng.TestNG.runSuitesLocally(TestNG.java:1208)
	at org.testng.TestNG.runSuites(TestNG.java:1112)
	at org.testng.TestNG.run(TestNG.java:1079)
	at org.apache.maven.surefire.testng.TestNGExecutor.run(TestNGExecutor.java:308)
	at org.apache.maven.surefire.testng.TestNGXmlTestSuite.execute(TestNGXmlTestSuite.java:71)
	at org.apache.maven.surefire.testng.TestNGProvider.invoke(TestNGProvider.java:113)
	at org.apache.maven.surefire.booter.ForkedBooter.runSuitesInProcess(ForkedBooter.java:385)
	at org.apache.maven.surefire.booter.ForkedBooter.execute(ForkedBooter.java:162)
	at org.apache.maven.surefire.booter.ForkedBooter.run(ForkedBooter.java:507)
	at org.apache.maven.surefire.booter.ForkedBooter.main(ForkedBooter.java:495)
]]></failure>
    <system-err><![CDATA[SLF4J: Failed to load class "org.slf4j.impl.StaticLoggerBinder".
SLF4J: Defaulting to no-operation (NOP) logger implementation
SLF4J: See http://www.slf4j.org/codes.html#StaticLoggerBinder for further details.
Jul 31, 2025 7:27:45 PM com.bookstore.api.utils.ApiUtils <clinit>
INFO: Initialized base URL: http://localhost:8080
Jul 31, 2025 7:27:45 PM com.bookstore.api.utils.ApiUtils setBaseURI
INFO: Updated base URI to: http://localhost:55442
]]></system-err>
  </testcase>
  <testcase name="testCreateBookMalformedJson" classname="com.bookstore.api.tests.BookstoreApiTests" time="0.2"/>
  <testcase name="testCreateBookMissingAuthor" classname="com.bookstore.api.tests.BookstoreApiTests" time="0.013"/>
  <testcase name="testCreateBookMissingTitle" classname="com.bookstore.api.tests.BookstoreApiTests" time="0.011"/>
  <testcase name="testCreateBookZeroPrice" classname="com.bookstore.api.tests.BookstoreApiTests" time="0.01"/>
  <testcase name="testDeleteNonExistentBook" classname="com.bookstore.api.tests.BookstoreApiTests" time="0.012"/>
  <testcase name="testGetNonExistentBook" classname="com.bookstore.api.tests.BookstoreApiTests" time="0.011"/>
  <testcase name="testInvalidEndpoint" classname="com.bookstore.api.tests.BookstoreApiTests" time="0.008"/>
  <testcase name="testInvalidMethod" classname="com.bookstore.api.tests.BookstoreApiTests" time="0.01"/>
  <testcase name="testUpdateNonExistentBook" classname="com.bookstore.api.tests.BookstoreApiTests" time="0.008"/>
  <testcase name="testCreateBook" classname="com.bookstore.api.tests.BookstoreApiTests" time="0.025"/>
  <testcase name="testGetBook" classname="com.bookstore.api.tests.BookstoreApiTests" time="0.017"/>
  <testcase name="testUpdateBook" classname="com.bookstore.api.tests.BookstoreApiTests" time="0.014"/>
  <testcase name="testDeleteBook" classname="com.bookstore.api.tests.BookstoreApiTests" time="0.004"/>
</testsuite>